[19-Feb-2021 17:10:30 UTC] PHP Deprecated:  Function libxml_disable_entity_loader() is deprecated in C:\xampp\htdocs\4w4\wp-content\plugins\wordpress-importer\parsers\class-wxr-parser-simplexml.php on line 21
[19-Feb-2021 17:10:30 UTC] PHP Deprecated:  Function libxml_disable_entity_loader() is deprecated in C:\xampp\htdocs\4w4\wp-content\plugins\wordpress-importer\parsers\class-wxr-parser-simplexml.php on line 25
[19-Feb-2021 17:11:03 UTC] PHP Deprecated:  Function libxml_disable_entity_loader() is deprecated in C:\xampp\htdocs\4w4\wp-content\plugins\wordpress-importer\parsers\class-wxr-parser-simplexml.php on line 21
[19-Feb-2021 17:11:03 UTC] PHP Deprecated:  Function libxml_disable_entity_loader() is deprecated in C:\xampp\htdocs\4w4\wp-content\plugins\wordpress-importer\parsers\class-wxr-parser-simplexml.php on line 25
[08-Mar-2021 13:24:51 UTC] PHP Deprecated:  Function libxml_disable_entity_loader() is deprecated in C:\xampp\htdocs\4w4\wp-content\plugins\wordpress-importer\parsers\class-wxr-parser-simplexml.php on line 21
[08-Mar-2021 13:24:51 UTC] PHP Deprecated:  Function libxml_disable_entity_loader() is deprecated in C:\xampp\htdocs\4w4\wp-content\plugins\wordpress-importer\parsers\class-wxr-parser-simplexml.php on line 25
[08-Mar-2021 13:27:07 UTC] PHP Deprecated:  Function libxml_disable_entity_loader() is deprecated in C:\xampp\htdocs\4w4\wp-content\plugins\wordpress-importer\parsers\class-wxr-parser-simplexml.php on line 21
[08-Mar-2021 13:27:07 UTC] PHP Deprecated:  Function libxml_disable_entity_loader() is deprecated in C:\xampp\htdocs\4w4\wp-content\plugins\wordpress-importer\parsers\class-wxr-parser-simplexml.php on line 25
[08-Mar-2021 15:13:24 UTC] PHP Parse error:  syntax error, unexpected end of file in C:\xampp\htdocs\4w4\wp-content\themes\theme-4w4\category-cours.php on line 46
[08-Mar-2021 15:13:27 UTC] PHP Parse error:  syntax error, unexpected end of file in C:\xampp\htdocs\4w4\wp-content\themes\theme-4w4\category-cours.php on line 46
[08-Mar-2021 15:26:03 UTC] PHP Parse error:  syntax error, unexpected end of file in C:\xampp\htdocs\4w4\wp-content\themes\theme-4w4\functions.php on line 200
[08-Mar-2021 15:26:08 UTC] PHP Parse error:  syntax error, unexpected end of file in C:\xampp\htdocs\4w4\wp-content\themes\theme-4w4\functions.php on line 200
[08-Mar-2021 15:31:51 UTC] PHP Parse error:  syntax error, unexpected variable "$session" in C:\xampp\htdocs\4w4\wp-content\themes\theme-4w4\category-cours.php on line 29
[13-Mar-2021 01:07:31 UTC] PHP Warning:  Attempt to read property "ID" on null in C:\xampp\htdocs\4w4\wp-includes\class-wp-query.php on line 4044
[13-Mar-2021 01:07:31 UTC] PHP Warning:  Attempt to read property "post_title" on null in C:\xampp\htdocs\4w4\wp-includes\class-wp-query.php on line 4046
[13-Mar-2021 01:07:31 UTC] PHP Warning:  Attempt to read property "post_name" on null in C:\xampp\htdocs\4w4\wp-includes\class-wp-query.php on line 4048
[13-Mar-2021 01:07:34 UTC] PHP Warning:  Attempt to read property "ID" on null in C:\xampp\htdocs\4w4\wp-includes\class-wp-query.php on line 4044
[13-Mar-2021 01:07:34 UTC] PHP Warning:  Attempt to read property "post_title" on null in C:\xampp\htdocs\4w4\wp-includes\class-wp-query.php on line 4046
[13-Mar-2021 01:07:34 UTC] PHP Warning:  Attempt to read property "post_name" on null in C:\xampp\htdocs\4w4\wp-includes\class-wp-query.php on line 4048
[13-Mar-2021 01:10:46 UTC] PHP Warning:  Attempt to read property "ID" on null in C:\xampp\htdocs\4w4\wp-includes\class-wp-query.php on line 4044
[13-Mar-2021 01:10:46 UTC] PHP Warning:  Attempt to read property "post_title" on null in C:\xampp\htdocs\4w4\wp-includes\class-wp-query.php on line 4046
[13-Mar-2021 01:10:46 UTC] PHP Warning:  Attempt to read property "post_name" on null in C:\xampp\htdocs\4w4\wp-includes\class-wp-query.php on line 4048
[13-Mar-2021 01:38:49 UTC] PHP Warning:  Attempt to read property "ID" on null in C:\xampp\htdocs\4w4\wp-includes\class-wp-query.php on line 4044
[13-Mar-2021 01:38:49 UTC] PHP Warning:  Attempt to read property "post_title" on null in C:\xampp\htdocs\4w4\wp-includes\class-wp-query.php on line 4046
[13-Mar-2021 01:38:49 UTC] PHP Warning:  Attempt to read property "post_name" on null in C:\xampp\htdocs\4w4\wp-includes\class-wp-query.php on line 4048
[13-Mar-2021 02:10:55 UTC] PHP Warning:  Attempt to read property "ID" on null in C:\xampp\htdocs\4w4\wp-includes\class-wp-query.php on line 4044
[13-Mar-2021 02:10:55 UTC] PHP Warning:  Attempt to read property "post_title" on null in C:\xampp\htdocs\4w4\wp-includes\class-wp-query.php on line 4046
[13-Mar-2021 02:10:55 UTC] PHP Warning:  Attempt to read property "post_name" on null in C:\xampp\htdocs\4w4\wp-includes\class-wp-query.php on line 4048
[13-Mar-2021 02:11:22 UTC] PHP Warning:  Attempt to read property "ID" on null in C:\xampp\htdocs\4w4\wp-includes\class-wp-query.php on line 4044
[13-Mar-2021 02:11:22 UTC] PHP Warning:  Attempt to read property "post_title" on null in C:\xampp\htdocs\4w4\wp-includes\class-wp-query.php on line 4046
[13-Mar-2021 02:11:22 UTC] PHP Warning:  Attempt to read property "post_name" on null in C:\xampp\htdocs\4w4\wp-includes\class-wp-query.php on line 4048
[13-Mar-2021 02:11:24 UTC] PHP Warning:  Attempt to read property "ID" on null in C:\xampp\htdocs\4w4\wp-includes\class-wp-query.php on line 4044
[13-Mar-2021 02:11:24 UTC] PHP Warning:  Attempt to read property "post_title" on null in C:\xampp\htdocs\4w4\wp-includes\class-wp-query.php on line 4046
[13-Mar-2021 02:11:24 UTC] PHP Warning:  Attempt to read property "post_name" on null in C:\xampp\htdocs\4w4\wp-includes\class-wp-query.php on line 4048
[13-Mar-2021 02:14:47 UTC] PHP Warning:  Attempt to read property "ID" on null in C:\xampp\htdocs\4w4\wp-includes\class-wp-query.php on line 4044
[13-Mar-2021 02:14:47 UTC] PHP Warning:  Attempt to read property "post_title" on null in C:\xampp\htdocs\4w4\wp-includes\class-wp-query.php on line 4046
[13-Mar-2021 02:14:47 UTC] PHP Warning:  Attempt to read property "post_name" on null in C:\xampp\htdocs\4w4\wp-includes\class-wp-query.php on line 4048
[13-Mar-2021 02:16:13 UTC] PHP Warning:  Attempt to read property "ID" on null in C:\xampp\htdocs\4w4\wp-includes\class-wp-query.php on line 4044
[13-Mar-2021 02:16:13 UTC] PHP Warning:  Attempt to read property "post_title" on null in C:\xampp\htdocs\4w4\wp-includes\class-wp-query.php on line 4046
[13-Mar-2021 02:16:13 UTC] PHP Warning:  Attempt to read property "post_name" on null in C:\xampp\htdocs\4w4\wp-includes\class-wp-query.php on line 4048
[13-Mar-2021 02:18:43 UTC] PHP Warning:  Attempt to read property "ID" on null in C:\xampp\htdocs\4w4\wp-includes\class-wp-query.php on line 4044
[13-Mar-2021 02:18:43 UTC] PHP Warning:  Attempt to read property "post_title" on null in C:\xampp\htdocs\4w4\wp-includes\class-wp-query.php on line 4046
[13-Mar-2021 02:18:43 UTC] PHP Warning:  Attempt to read property "post_name" on null in C:\xampp\htdocs\4w4\wp-includes\class-wp-query.php on line 4048
[13-Mar-2021 02:22:30 UTC] PHP Warning:  Attempt to read property "ID" on null in C:\xampp\htdocs\4w4\wp-includes\class-wp-query.php on line 4044
[13-Mar-2021 02:22:30 UTC] PHP Warning:  Attempt to read property "post_title" on null in C:\xampp\htdocs\4w4\wp-includes\class-wp-query.php on line 4046
[13-Mar-2021 02:22:30 UTC] PHP Warning:  Attempt to read property "post_name" on null in C:\xampp\htdocs\4w4\wp-includes\class-wp-query.php on line 4048
[13-Mar-2021 02:24:14 UTC] PHP Warning:  Attempt to read property "ID" on null in C:\xampp\htdocs\4w4\wp-includes\class-wp-query.php on line 4044
[13-Mar-2021 02:24:14 UTC] PHP Warning:  Attempt to read property "post_title" on null in C:\xampp\htdocs\4w4\wp-includes\class-wp-query.php on line 4046
[13-Mar-2021 02:24:14 UTC] PHP Warning:  Attempt to read property "post_name" on null in C:\xampp\htdocs\4w4\wp-includes\class-wp-query.php on line 4048
[13-Mar-2021 02:25:28 UTC] PHP Warning:  Attempt to read property "ID" on null in C:\xampp\htdocs\4w4\wp-includes\class-wp-query.php on line 4044
[13-Mar-2021 02:25:28 UTC] PHP Warning:  Attempt to read property "post_title" on null in C:\xampp\htdocs\4w4\wp-includes\class-wp-query.php on line 4046
[13-Mar-2021 02:25:28 UTC] PHP Warning:  Attempt to read property "post_name" on null in C:\xampp\htdocs\4w4\wp-includes\class-wp-query.php on line 4048
[13-Mar-2021 02:26:52 UTC] PHP Warning:  Attempt to read property "ID" on null in C:\xampp\htdocs\4w4\wp-includes\class-wp-query.php on line 4044
[13-Mar-2021 02:26:52 UTC] PHP Warning:  Attempt to read property "post_title" on null in C:\xampp\htdocs\4w4\wp-includes\class-wp-query.php on line 4046
[13-Mar-2021 02:26:52 UTC] PHP Warning:  Attempt to read property "post_name" on null in C:\xampp\htdocs\4w4\wp-includes\class-wp-query.php on line 4048
[13-Mar-2021 02:27:41 UTC] PHP Warning:  Attempt to read property "ID" on null in C:\xampp\htdocs\4w4\wp-includes\class-wp-query.php on line 4044
[13-Mar-2021 02:27:41 UTC] PHP Warning:  Attempt to read property "post_title" on null in C:\xampp\htdocs\4w4\wp-includes\class-wp-query.php on line 4046
[13-Mar-2021 02:27:41 UTC] PHP Warning:  Attempt to read property "post_name" on null in C:\xampp\htdocs\4w4\wp-includes\class-wp-query.php on line 4048
[13-Mar-2021 02:29:26 UTC] PHP Warning:  Attempt to read property "ID" on null in C:\xampp\htdocs\4w4\wp-includes\class-wp-query.php on line 4044
[13-Mar-2021 02:29:26 UTC] PHP Warning:  Attempt to read property "post_title" on null in C:\xampp\htdocs\4w4\wp-includes\class-wp-query.php on line 4046
[13-Mar-2021 02:29:26 UTC] PHP Warning:  Attempt to read property "post_name" on null in C:\xampp\htdocs\4w4\wp-includes\class-wp-query.php on line 4048
[13-Mar-2021 02:39:24 UTC] PHP Warning:  Attempt to read property "ID" on null in C:\xampp\htdocs\4w4\wp-includes\class-wp-query.php on line 4044
[13-Mar-2021 02:39:24 UTC] PHP Warning:  Attempt to read property "post_title" on null in C:\xampp\htdocs\4w4\wp-includes\class-wp-query.php on line 4046
[13-Mar-2021 02:39:24 UTC] PHP Warning:  Attempt to read property "post_name" on null in C:\xampp\htdocs\4w4\wp-includes\class-wp-query.php on line 4048
[13-Mar-2021 02:43:26 UTC] PHP Warning:  Attempt to read property "ID" on null in C:\xampp\htdocs\4w4\wp-includes\class-wp-query.php on line 4044
[13-Mar-2021 02:43:26 UTC] PHP Warning:  Attempt to read property "post_title" on null in C:\xampp\htdocs\4w4\wp-includes\class-wp-query.php on line 4046
[13-Mar-2021 02:43:26 UTC] PHP Warning:  Attempt to read property "post_name" on null in C:\xampp\htdocs\4w4\wp-includes\class-wp-query.php on line 4048
[13-Mar-2021 03:14:01 UTC] PHP Warning:  Attempt to read property "ID" on null in C:\xampp\htdocs\4w4\wp-includes\class-wp-query.php on line 4044
[13-Mar-2021 03:14:01 UTC] PHP Warning:  Attempt to read property "post_title" on null in C:\xampp\htdocs\4w4\wp-includes\class-wp-query.php on line 4046
[13-Mar-2021 03:14:01 UTC] PHP Warning:  Attempt to read property "post_name" on null in C:\xampp\htdocs\4w4\wp-includes\class-wp-query.php on line 4048
[13-Mar-2021 03:15:13 UTC] PHP Warning:  Attempt to read property "ID" on null in C:\xampp\htdocs\4w4\wp-includes\class-wp-query.php on line 4044
[13-Mar-2021 03:15:13 UTC] PHP Warning:  Attempt to read property "post_title" on null in C:\xampp\htdocs\4w4\wp-includes\class-wp-query.php on line 4046
[13-Mar-2021 03:15:13 UTC] PHP Warning:  Attempt to read property "post_name" on null in C:\xampp\htdocs\4w4\wp-includes\class-wp-query.php on line 4048
[13-Mar-2021 03:15:44 UTC] PHP Warning:  Attempt to read property "ID" on null in C:\xampp\htdocs\4w4\wp-includes\class-wp-query.php on line 4044
[13-Mar-2021 03:15:44 UTC] PHP Warning:  Attempt to read property "post_title" on null in C:\xampp\htdocs\4w4\wp-includes\class-wp-query.php on line 4046
[13-Mar-2021 03:15:44 UTC] PHP Warning:  Attempt to read property "post_name" on null in C:\xampp\htdocs\4w4\wp-includes\class-wp-query.php on line 4048
[13-Mar-2021 03:38:20 UTC] PHP Warning:  Attempt to read property "ID" on null in C:\xampp\htdocs\4w4\wp-includes\class-wp-query.php on line 4044
[13-Mar-2021 03:38:20 UTC] PHP Warning:  Attempt to read property "post_title" on null in C:\xampp\htdocs\4w4\wp-includes\class-wp-query.php on line 4046
[13-Mar-2021 03:38:20 UTC] PHP Warning:  Attempt to read property "post_name" on null in C:\xampp\htdocs\4w4\wp-includes\class-wp-query.php on line 4048
[13-Mar-2021 03:38:22 UTC] PHP Warning:  Attempt to read property "ID" on null in C:\xampp\htdocs\4w4\wp-includes\class-wp-query.php on line 4044
[13-Mar-2021 03:38:22 UTC] PHP Warning:  Attempt to read property "post_title" on null in C:\xampp\htdocs\4w4\wp-includes\class-wp-query.php on line 4046
[13-Mar-2021 03:38:22 UTC] PHP Warning:  Attempt to read property "post_name" on null in C:\xampp\htdocs\4w4\wp-includes\class-wp-query.php on line 4048
[13-Mar-2021 03:39:17 UTC] PHP Warning:  Attempt to read property "ID" on null in C:\xampp\htdocs\4w4\wp-includes\class-wp-query.php on line 4044
[13-Mar-2021 03:39:17 UTC] PHP Warning:  Attempt to read property "post_title" on null in C:\xampp\htdocs\4w4\wp-includes\class-wp-query.php on line 4046
[13-Mar-2021 03:39:17 UTC] PHP Warning:  Attempt to read property "post_name" on null in C:\xampp\htdocs\4w4\wp-includes\class-wp-query.php on line 4048
[13-Mar-2021 03:39:21 UTC] PHP Warning:  Attempt to read property "ID" on null in C:\xampp\htdocs\4w4\wp-includes\class-wp-query.php on line 4044
[13-Mar-2021 03:39:21 UTC] PHP Warning:  Attempt to read property "post_title" on null in C:\xampp\htdocs\4w4\wp-includes\class-wp-query.php on line 4046
[13-Mar-2021 03:39:21 UTC] PHP Warning:  Attempt to read property "post_name" on null in C:\xampp\htdocs\4w4\wp-includes\class-wp-query.php on line 4048
[13-Mar-2021 03:39:24 UTC] PHP Warning:  Attempt to read property "ID" on null in C:\xampp\htdocs\4w4\wp-includes\class-wp-query.php on line 4044
[13-Mar-2021 03:39:24 UTC] PHP Warning:  Attempt to read property "post_title" on null in C:\xampp\htdocs\4w4\wp-includes\class-wp-query.php on line 4046
[13-Mar-2021 03:39:24 UTC] PHP Warning:  Attempt to read property "post_name" on null in C:\xampp\htdocs\4w4\wp-includes\class-wp-query.php on line 4048
[13-Mar-2021 03:45:27 UTC] PHP Warning:  Attempt to read property "ID" on null in C:\xampp\htdocs\4w4\wp-includes\class-wp-query.php on line 4044
[13-Mar-2021 03:45:27 UTC] PHP Warning:  Attempt to read property "post_title" on null in C:\xampp\htdocs\4w4\wp-includes\class-wp-query.php on line 4046
[13-Mar-2021 03:45:27 UTC] PHP Warning:  Attempt to read property "post_name" on null in C:\xampp\htdocs\4w4\wp-includes\class-wp-query.php on line 4048
[13-Mar-2021 03:51:49 UTC] PHP Warning:  Attempt to read property "ID" on null in C:\xampp\htdocs\4w4\wp-includes\class-wp-query.php on line 4044
[13-Mar-2021 03:51:49 UTC] PHP Warning:  Attempt to read property "post_title" on null in C:\xampp\htdocs\4w4\wp-includes\class-wp-query.php on line 4046
[13-Mar-2021 03:51:49 UTC] PHP Warning:  Attempt to read property "post_name" on null in C:\xampp\htdocs\4w4\wp-includes\class-wp-query.php on line 4048
[13-Mar-2021 03:52:39 UTC] PHP Warning:  Attempt to read property "ID" on null in C:\xampp\htdocs\4w4\wp-includes\class-wp-query.php on line 4044
[13-Mar-2021 03:52:39 UTC] PHP Warning:  Attempt to read property "post_title" on null in C:\xampp\htdocs\4w4\wp-includes\class-wp-query.php on line 4046
[13-Mar-2021 03:52:39 UTC] PHP Warning:  Attempt to read property "post_name" on null in C:\xampp\htdocs\4w4\wp-includes\class-wp-query.php on line 4048
[13-Mar-2021 03:53:05 UTC] PHP Warning:  Attempt to read property "ID" on null in C:\xampp\htdocs\4w4\wp-includes\class-wp-query.php on line 4044
[13-Mar-2021 03:53:05 UTC] PHP Warning:  Attempt to read property "post_title" on null in C:\xampp\htdocs\4w4\wp-includes\class-wp-query.php on line 4046
[13-Mar-2021 03:53:05 UTC] PHP Warning:  Attempt to read property "post_name" on null in C:\xampp\htdocs\4w4\wp-includes\class-wp-query.php on line 4048
[13-Mar-2021 03:54:20 UTC] PHP Warning:  Attempt to read property "ID" on null in C:\xampp\htdocs\4w4\wp-includes\class-wp-query.php on line 4044
[13-Mar-2021 03:54:20 UTC] PHP Warning:  Attempt to read property "post_title" on null in C:\xampp\htdocs\4w4\wp-includes\class-wp-query.php on line 4046
[13-Mar-2021 03:54:20 UTC] PHP Warning:  Attempt to read property "post_name" on null in C:\xampp\htdocs\4w4\wp-includes\class-wp-query.php on line 4048
[13-Mar-2021 03:55:12 UTC] PHP Warning:  Attempt to read property "ID" on null in C:\xampp\htdocs\4w4\wp-includes\class-wp-query.php on line 4044
[13-Mar-2021 03:55:12 UTC] PHP Warning:  Attempt to read property "post_title" on null in C:\xampp\htdocs\4w4\wp-includes\class-wp-query.php on line 4046
[13-Mar-2021 03:55:12 UTC] PHP Warning:  Attempt to read property "post_name" on null in C:\xampp\htdocs\4w4\wp-includes\class-wp-query.php on line 4048
[13-Mar-2021 03:55:43 UTC] PHP Warning:  Attempt to read property "ID" on null in C:\xampp\htdocs\4w4\wp-includes\class-wp-query.php on line 4044
[13-Mar-2021 03:55:43 UTC] PHP Warning:  Attempt to read property "post_title" on null in C:\xampp\htdocs\4w4\wp-includes\class-wp-query.php on line 4046
[13-Mar-2021 03:55:43 UTC] PHP Warning:  Attempt to read property "post_name" on null in C:\xampp\htdocs\4w4\wp-includes\class-wp-query.php on line 4048
[13-Mar-2021 04:07:24 UTC] PHP Warning:  Attempt to read property "ID" on null in C:\xampp\htdocs\4w4\wp-includes\class-wp-query.php on line 4044
[13-Mar-2021 04:07:24 UTC] PHP Warning:  Attempt to read property "post_title" on null in C:\xampp\htdocs\4w4\wp-includes\class-wp-query.php on line 4046
[13-Mar-2021 04:07:24 UTC] PHP Warning:  Attempt to read property "post_name" on null in C:\xampp\htdocs\4w4\wp-includes\class-wp-query.php on line 4048
[13-Mar-2021 04:08:01 UTC] PHP Warning:  Attempt to read property "ID" on null in C:\xampp\htdocs\4w4\wp-includes\class-wp-query.php on line 4044
[13-Mar-2021 04:08:01 UTC] PHP Warning:  Attempt to read property "post_title" on null in C:\xampp\htdocs\4w4\wp-includes\class-wp-query.php on line 4046
[13-Mar-2021 04:08:01 UTC] PHP Warning:  Attempt to read property "post_name" on null in C:\xampp\htdocs\4w4\wp-includes\class-wp-query.php on line 4048
[13-Mar-2021 04:08:12 UTC] PHP Warning:  Attempt to read property "ID" on null in C:\xampp\htdocs\4w4\wp-includes\class-wp-query.php on line 4044
[13-Mar-2021 04:08:12 UTC] PHP Warning:  Attempt to read property "post_title" on null in C:\xampp\htdocs\4w4\wp-includes\class-wp-query.php on line 4046
[13-Mar-2021 04:08:12 UTC] PHP Warning:  Attempt to read property "post_name" on null in C:\xampp\htdocs\4w4\wp-includes\class-wp-query.php on line 4048
[13-Mar-2021 04:10:27 UTC] PHP Warning:  Attempt to read property "ID" on null in C:\xampp\htdocs\4w4\wp-includes\class-wp-query.php on line 4044
[13-Mar-2021 04:10:27 UTC] PHP Warning:  Attempt to read property "post_title" on null in C:\xampp\htdocs\4w4\wp-includes\class-wp-query.php on line 4046
[13-Mar-2021 04:10:27 UTC] PHP Warning:  Attempt to read property "post_name" on null in C:\xampp\htdocs\4w4\wp-includes\class-wp-query.php on line 4048
[13-Mar-2021 04:10:50 UTC] PHP Warning:  Attempt to read property "ID" on null in C:\xampp\htdocs\4w4\wp-includes\class-wp-query.php on line 4044
[13-Mar-2021 04:10:50 UTC] PHP Warning:  Attempt to read property "post_title" on null in C:\xampp\htdocs\4w4\wp-includes\class-wp-query.php on line 4046
[13-Mar-2021 04:10:50 UTC] PHP Warning:  Attempt to read property "post_name" on null in C:\xampp\htdocs\4w4\wp-includes\class-wp-query.php on line 4048
[13-Mar-2021 04:11:17 UTC] PHP Warning:  Attempt to read property "ID" on null in C:\xampp\htdocs\4w4\wp-includes\class-wp-query.php on line 4044
[13-Mar-2021 04:11:17 UTC] PHP Warning:  Attempt to read property "post_title" on null in C:\xampp\htdocs\4w4\wp-includes\class-wp-query.php on line 4046
[13-Mar-2021 04:11:17 UTC] PHP Warning:  Attempt to read property "post_name" on null in C:\xampp\htdocs\4w4\wp-includes\class-wp-query.php on line 4048
[13-Mar-2021 04:13:40 UTC] PHP Warning:  Attempt to read property "ID" on null in C:\xampp\htdocs\4w4\wp-includes\class-wp-query.php on line 4044
[13-Mar-2021 04:13:40 UTC] PHP Warning:  Attempt to read property "post_title" on null in C:\xampp\htdocs\4w4\wp-includes\class-wp-query.php on line 4046
[13-Mar-2021 04:13:40 UTC] PHP Warning:  Attempt to read property "post_name" on null in C:\xampp\htdocs\4w4\wp-includes\class-wp-query.php on line 4048
[13-Mar-2021 04:13:59 UTC] PHP Warning:  Attempt to read property "ID" on null in C:\xampp\htdocs\4w4\wp-includes\class-wp-query.php on line 4044
[13-Mar-2021 04:13:59 UTC] PHP Warning:  Attempt to read property "post_title" on null in C:\xampp\htdocs\4w4\wp-includes\class-wp-query.php on line 4046
[13-Mar-2021 04:13:59 UTC] PHP Warning:  Attempt to read property "post_name" on null in C:\xampp\htdocs\4w4\wp-includes\class-wp-query.php on line 4048
[13-Mar-2021 04:14:43 UTC] PHP Warning:  Attempt to read property "ID" on null in C:\xampp\htdocs\4w4\wp-includes\class-wp-query.php on line 4044
[13-Mar-2021 04:14:43 UTC] PHP Warning:  Attempt to read property "post_title" on null in C:\xampp\htdocs\4w4\wp-includes\class-wp-query.php on line 4046
[13-Mar-2021 04:14:43 UTC] PHP Warning:  Attempt to read property "post_name" on null in C:\xampp\htdocs\4w4\wp-includes\class-wp-query.php on line 4048
[13-Mar-2021 04:18:10 UTC] PHP Warning:  Attempt to read property "ID" on null in C:\xampp\htdocs\4w4\wp-includes\class-wp-query.php on line 4044
[13-Mar-2021 04:18:10 UTC] PHP Warning:  Attempt to read property "post_title" on null in C:\xampp\htdocs\4w4\wp-includes\class-wp-query.php on line 4046
[13-Mar-2021 04:18:10 UTC] PHP Warning:  Attempt to read property "post_name" on null in C:\xampp\htdocs\4w4\wp-includes\class-wp-query.php on line 4048
[13-Mar-2021 04:23:41 UTC] PHP Warning:  Attempt to read property "ID" on null in C:\xampp\htdocs\4w4\wp-includes\class-wp-query.php on line 4044
[13-Mar-2021 04:23:41 UTC] PHP Warning:  Attempt to read property "post_title" on null in C:\xampp\htdocs\4w4\wp-includes\class-wp-query.php on line 4046
[13-Mar-2021 04:23:41 UTC] PHP Warning:  Attempt to read property "post_name" on null in C:\xampp\htdocs\4w4\wp-includes\class-wp-query.php on line 4048
[13-Mar-2021 04:23:57 UTC] PHP Warning:  Attempt to read property "ID" on null in C:\xampp\htdocs\4w4\wp-includes\class-wp-query.php on line 4044
[13-Mar-2021 04:23:57 UTC] PHP Warning:  Attempt to read property "post_title" on null in C:\xampp\htdocs\4w4\wp-includes\class-wp-query.php on line 4046
[13-Mar-2021 04:23:57 UTC] PHP Warning:  Attempt to read property "post_name" on null in C:\xampp\htdocs\4w4\wp-includes\class-wp-query.php on line 4048
[13-Mar-2021 04:24:23 UTC] PHP Warning:  Attempt to read property "ID" on null in C:\xampp\htdocs\4w4\wp-includes\class-wp-query.php on line 4044
[13-Mar-2021 04:24:23 UTC] PHP Warning:  Attempt to read property "post_title" on null in C:\xampp\htdocs\4w4\wp-includes\class-wp-query.php on line 4046
[13-Mar-2021 04:24:23 UTC] PHP Warning:  Attempt to read property "post_name" on null in C:\xampp\htdocs\4w4\wp-includes\class-wp-query.php on line 4048
[13-Mar-2021 04:33:40 UTC] PHP Warning:  Attempt to read property "ID" on null in C:\xampp\htdocs\4w4\wp-includes\class-wp-query.php on line 4044
[13-Mar-2021 04:33:40 UTC] PHP Warning:  Attempt to read property "post_title" on null in C:\xampp\htdocs\4w4\wp-includes\class-wp-query.php on line 4046
[13-Mar-2021 04:33:40 UTC] PHP Warning:  Attempt to read property "post_name" on null in C:\xampp\htdocs\4w4\wp-includes\class-wp-query.php on line 4048
[13-Mar-2021 04:34:05 UTC] PHP Warning:  Attempt to read property "ID" on null in C:\xampp\htdocs\4w4\wp-includes\class-wp-query.php on line 4044
[13-Mar-2021 04:34:06 UTC] PHP Warning:  Attempt to read property "post_title" on null in C:\xampp\htdocs\4w4\wp-includes\class-wp-query.php on line 4046
[13-Mar-2021 04:34:06 UTC] PHP Warning:  Attempt to read property "post_name" on null in C:\xampp\htdocs\4w4\wp-includes\class-wp-query.php on line 4048
[13-Mar-2021 04:34:12 UTC] PHP Warning:  Attempt to read property "ID" on null in C:\xampp\htdocs\4w4\wp-includes\class-wp-query.php on line 4044
[13-Mar-2021 04:34:12 UTC] PHP Warning:  Attempt to read property "post_title" on null in C:\xampp\htdocs\4w4\wp-includes\class-wp-query.php on line 4046
[13-Mar-2021 04:34:12 UTC] PHP Warning:  Attempt to read property "post_name" on null in C:\xampp\htdocs\4w4\wp-includes\class-wp-query.php on line 4048
[13-Mar-2021 04:34:18 UTC] PHP Warning:  Attempt to read property "ID" on null in C:\xampp\htdocs\4w4\wp-includes\class-wp-query.php on line 4044
[13-Mar-2021 04:34:18 UTC] PHP Warning:  Attempt to read property "post_title" on null in C:\xampp\htdocs\4w4\wp-includes\class-wp-query.php on line 4046
[13-Mar-2021 04:34:18 UTC] PHP Warning:  Attempt to read property "post_name" on null in C:\xampp\htdocs\4w4\wp-includes\class-wp-query.php on line 4048
[13-Mar-2021 04:34:31 UTC] PHP Warning:  Attempt to read property "ID" on null in C:\xampp\htdocs\4w4\wp-includes\class-wp-query.php on line 4044
[13-Mar-2021 04:34:31 UTC] PHP Warning:  Attempt to read property "post_title" on null in C:\xampp\htdocs\4w4\wp-includes\class-wp-query.php on line 4046
[13-Mar-2021 04:34:31 UTC] PHP Warning:  Attempt to read property "post_name" on null in C:\xampp\htdocs\4w4\wp-includes\class-wp-query.php on line 4048
[13-Mar-2021 04:35:24 UTC] PHP Warning:  Attempt to read property "ID" on null in C:\xampp\htdocs\4w4\wp-includes\class-wp-query.php on line 4044
[13-Mar-2021 04:35:24 UTC] PHP Warning:  Attempt to read property "post_title" on null in C:\xampp\htdocs\4w4\wp-includes\class-wp-query.php on line 4046
[13-Mar-2021 04:35:24 UTC] PHP Warning:  Attempt to read property "post_name" on null in C:\xampp\htdocs\4w4\wp-includes\class-wp-query.php on line 4048
[13-Mar-2021 04:36:50 UTC] PHP Warning:  Attempt to read property "ID" on null in C:\xampp\htdocs\4w4\wp-includes\class-wp-query.php on line 4044
[13-Mar-2021 04:36:50 UTC] PHP Warning:  Attempt to read property "post_title" on null in C:\xampp\htdocs\4w4\wp-includes\class-wp-query.php on line 4046
[13-Mar-2021 04:36:50 UTC] PHP Warning:  Attempt to read property "post_name" on null in C:\xampp\htdocs\4w4\wp-includes\class-wp-query.php on line 4048
[13-Mar-2021 04:48:46 UTC] PHP Warning:  Attempt to read property "ID" on null in C:\xampp\htdocs\4w4\wp-includes\class-wp-query.php on line 4044
[13-Mar-2021 04:48:46 UTC] PHP Warning:  Attempt to read property "post_title" on null in C:\xampp\htdocs\4w4\wp-includes\class-wp-query.php on line 4046
[13-Mar-2021 04:48:46 UTC] PHP Warning:  Attempt to read property "post_name" on null in C:\xampp\htdocs\4w4\wp-includes\class-wp-query.php on line 4048
[13-Mar-2021 04:48:53 UTC] PHP Warning:  Attempt to read property "ID" on null in C:\xampp\htdocs\4w4\wp-includes\class-wp-query.php on line 4044
[13-Mar-2021 04:48:53 UTC] PHP Warning:  Attempt to read property "post_title" on null in C:\xampp\htdocs\4w4\wp-includes\class-wp-query.php on line 4046
[13-Mar-2021 04:48:53 UTC] PHP Warning:  Attempt to read property "post_name" on null in C:\xampp\htdocs\4w4\wp-includes\class-wp-query.php on line 4048
[13-Mar-2021 04:49:36 UTC] PHP Warning:  Attempt to read property "ID" on null in C:\xampp\htdocs\4w4\wp-includes\class-wp-query.php on line 4044
[13-Mar-2021 04:49:36 UTC] PHP Warning:  Attempt to read property "post_title" on null in C:\xampp\htdocs\4w4\wp-includes\class-wp-query.php on line 4046
[13-Mar-2021 04:49:36 UTC] PHP Warning:  Attempt to read property "post_name" on null in C:\xampp\htdocs\4w4\wp-includes\class-wp-query.php on line 4048
[13-Mar-2021 04:49:41 UTC] PHP Warning:  Attempt to read property "ID" on null in C:\xampp\htdocs\4w4\wp-includes\class-wp-query.php on line 4044
[13-Mar-2021 04:49:41 UTC] PHP Warning:  Attempt to read property "post_title" on null in C:\xampp\htdocs\4w4\wp-includes\class-wp-query.php on line 4046
[13-Mar-2021 04:49:41 UTC] PHP Warning:  Attempt to read property "post_name" on null in C:\xampp\htdocs\4w4\wp-includes\class-wp-query.php on line 4048
[13-Mar-2021 04:50:19 UTC] PHP Warning:  Attempt to read property "ID" on null in C:\xampp\htdocs\4w4\wp-includes\class-wp-query.php on line 4044
[13-Mar-2021 04:50:19 UTC] PHP Warning:  Attempt to read property "post_title" on null in C:\xampp\htdocs\4w4\wp-includes\class-wp-query.php on line 4046
[13-Mar-2021 04:50:19 UTC] PHP Warning:  Attempt to read property "post_name" on null in C:\xampp\htdocs\4w4\wp-includes\class-wp-query.php on line 4048
[13-Mar-2021 04:51:04 UTC] PHP Warning:  Attempt to read property "ID" on null in C:\xampp\htdocs\4w4\wp-includes\class-wp-query.php on line 4044
[13-Mar-2021 04:51:04 UTC] PHP Warning:  Attempt to read property "post_title" on null in C:\xampp\htdocs\4w4\wp-includes\class-wp-query.php on line 4046
[13-Mar-2021 04:51:04 UTC] PHP Warning:  Attempt to read property "post_name" on null in C:\xampp\htdocs\4w4\wp-includes\class-wp-query.php on line 4048
[13-Mar-2021 04:51:12 UTC] PHP Warning:  Attempt to read property "ID" on null in C:\xampp\htdocs\4w4\wp-includes\class-wp-query.php on line 4044
[13-Mar-2021 04:51:12 UTC] PHP Warning:  Attempt to read property "post_title" on null in C:\xampp\htdocs\4w4\wp-includes\class-wp-query.php on line 4046
[13-Mar-2021 04:51:12 UTC] PHP Warning:  Attempt to read property "post_name" on null in C:\xampp\htdocs\4w4\wp-includes\class-wp-query.php on line 4048
[13-Mar-2021 04:51:42 UTC] PHP Warning:  Attempt to read property "ID" on null in C:\xampp\htdocs\4w4\wp-includes\class-wp-query.php on line 4044
[13-Mar-2021 04:51:42 UTC] PHP Warning:  Attempt to read property "post_title" on null in C:\xampp\htdocs\4w4\wp-includes\class-wp-query.php on line 4046
[13-Mar-2021 04:51:42 UTC] PHP Warning:  Attempt to read property "post_name" on null in C:\xampp\htdocs\4w4\wp-includes\class-wp-query.php on line 4048
[13-Mar-2021 04:52:47 UTC] PHP Warning:  Attempt to read property "ID" on null in C:\xampp\htdocs\4w4\wp-includes\class-wp-query.php on line 4044
[13-Mar-2021 04:52:47 UTC] PHP Warning:  Attempt to read property "post_title" on null in C:\xampp\htdocs\4w4\wp-includes\class-wp-query.php on line 4046
[13-Mar-2021 04:52:47 UTC] PHP Warning:  Attempt to read property "post_name" on null in C:\xampp\htdocs\4w4\wp-includes\class-wp-query.php on line 4048
[13-Mar-2021 04:52:54 UTC] PHP Warning:  Attempt to read property "ID" on null in C:\xampp\htdocs\4w4\wp-includes\class-wp-query.php on line 4044
[13-Mar-2021 04:52:54 UTC] PHP Warning:  Attempt to read property "post_title" on null in C:\xampp\htdocs\4w4\wp-includes\class-wp-query.php on line 4046
[13-Mar-2021 04:52:54 UTC] PHP Warning:  Attempt to read property "post_name" on null in C:\xampp\htdocs\4w4\wp-includes\class-wp-query.php on line 4048
[13-Mar-2021 04:53:58 UTC] PHP Warning:  Attempt to read property "ID" on null in C:\xampp\htdocs\4w4\wp-includes\class-wp-query.php on line 4044
[13-Mar-2021 04:53:58 UTC] PHP Warning:  Attempt to read property "post_title" on null in C:\xampp\htdocs\4w4\wp-includes\class-wp-query.php on line 4046
[13-Mar-2021 04:53:58 UTC] PHP Warning:  Attempt to read property "post_name" on null in C:\xampp\htdocs\4w4\wp-includes\class-wp-query.php on line 4048
[13-Mar-2021 04:54:54 UTC] PHP Warning:  Attempt to read property "ID" on null in C:\xampp\htdocs\4w4\wp-includes\class-wp-query.php on line 4044
[13-Mar-2021 04:54:54 UTC] PHP Warning:  Attempt to read property "post_title" on null in C:\xampp\htdocs\4w4\wp-includes\class-wp-query.php on line 4046
[13-Mar-2021 04:54:54 UTC] PHP Warning:  Attempt to read property "post_name" on null in C:\xampp\htdocs\4w4\wp-includes\class-wp-query.php on line 4048
[13-Mar-2021 04:55:58 UTC] PHP Warning:  Attempt to read property "ID" on null in C:\xampp\htdocs\4w4\wp-includes\class-wp-query.php on line 4044
[13-Mar-2021 04:55:58 UTC] PHP Warning:  Attempt to read property "post_title" on null in C:\xampp\htdocs\4w4\wp-includes\class-wp-query.php on line 4046
[13-Mar-2021 04:55:58 UTC] PHP Warning:  Attempt to read property "post_name" on null in C:\xampp\htdocs\4w4\wp-includes\class-wp-query.php on line 4048
[13-Mar-2021 04:56:22 UTC] PHP Warning:  Attempt to read property "ID" on null in C:\xampp\htdocs\4w4\wp-includes\class-wp-query.php on line 4044
[13-Mar-2021 04:56:22 UTC] PHP Warning:  Attempt to read property "post_title" on null in C:\xampp\htdocs\4w4\wp-includes\class-wp-query.php on line 4046
[13-Mar-2021 04:56:22 UTC] PHP Warning:  Attempt to read property "post_name" on null in C:\xampp\htdocs\4w4\wp-includes\class-wp-query.php on line 4048
[13-Mar-2021 05:01:36 UTC] PHP Warning:  Attempt to read property "ID" on null in C:\xampp\htdocs\4w4\wp-includes\class-wp-query.php on line 4044
[13-Mar-2021 05:01:36 UTC] PHP Warning:  Attempt to read property "post_title" on null in C:\xampp\htdocs\4w4\wp-includes\class-wp-query.php on line 4046
[13-Mar-2021 05:01:36 UTC] PHP Warning:  Attempt to read property "post_name" on null in C:\xampp\htdocs\4w4\wp-includes\class-wp-query.php on line 4048
[13-Mar-2021 05:02:07 UTC] PHP Warning:  Attempt to read property "ID" on null in C:\xampp\htdocs\4w4\wp-includes\class-wp-query.php on line 4044
[13-Mar-2021 05:02:07 UTC] PHP Warning:  Attempt to read property "post_title" on null in C:\xampp\htdocs\4w4\wp-includes\class-wp-query.php on line 4046
[13-Mar-2021 05:02:07 UTC] PHP Warning:  Attempt to read property "post_name" on null in C:\xampp\htdocs\4w4\wp-includes\class-wp-query.php on line 4048
[13-Mar-2021 05:02:32 UTC] PHP Warning:  Attempt to read property "ID" on null in C:\xampp\htdocs\4w4\wp-includes\class-wp-query.php on line 4044
[13-Mar-2021 05:02:32 UTC] PHP Warning:  Attempt to read property "post_title" on null in C:\xampp\htdocs\4w4\wp-includes\class-wp-query.php on line 4046
[13-Mar-2021 05:02:32 UTC] PHP Warning:  Attempt to read property "post_name" on null in C:\xampp\htdocs\4w4\wp-includes\class-wp-query.php on line 4048
[13-Mar-2021 05:04:16 UTC] PHP Warning:  Attempt to read property "ID" on null in C:\xampp\htdocs\4w4\wp-includes\class-wp-query.php on line 4044
[13-Mar-2021 05:04:16 UTC] PHP Warning:  Attempt to read property "post_title" on null in C:\xampp\htdocs\4w4\wp-includes\class-wp-query.php on line 4046
[13-Mar-2021 05:04:16 UTC] PHP Warning:  Attempt to read property "post_name" on null in C:\xampp\htdocs\4w4\wp-includes\class-wp-query.php on line 4048
[13-Mar-2021 05:04:51 UTC] PHP Warning:  Attempt to read property "ID" on null in C:\xampp\htdocs\4w4\wp-includes\class-wp-query.php on line 4044
[13-Mar-2021 05:04:51 UTC] PHP Warning:  Attempt to read property "post_title" on null in C:\xampp\htdocs\4w4\wp-includes\class-wp-query.php on line 4046
[13-Mar-2021 05:04:51 UTC] PHP Warning:  Attempt to read property "post_name" on null in C:\xampp\htdocs\4w4\wp-includes\class-wp-query.php on line 4048
[13-Mar-2021 05:05:53 UTC] PHP Warning:  Attempt to read property "ID" on null in C:\xampp\htdocs\4w4\wp-includes\class-wp-query.php on line 4044
[13-Mar-2021 05:05:53 UTC] PHP Warning:  Attempt to read property "post_title" on null in C:\xampp\htdocs\4w4\wp-includes\class-wp-query.php on line 4046
[13-Mar-2021 05:05:53 UTC] PHP Warning:  Attempt to read property "post_name" on null in C:\xampp\htdocs\4w4\wp-includes\class-wp-query.php on line 4048
[13-Mar-2021 05:08:28 UTC] PHP Warning:  Attempt to read property "ID" on null in C:\xampp\htdocs\4w4\wp-includes\class-wp-query.php on line 4044
[13-Mar-2021 05:08:28 UTC] PHP Warning:  Attempt to read property "post_title" on null in C:\xampp\htdocs\4w4\wp-includes\class-wp-query.php on line 4046
[13-Mar-2021 05:08:28 UTC] PHP Warning:  Attempt to read property "post_name" on null in C:\xampp\htdocs\4w4\wp-includes\class-wp-query.php on line 4048
[13-Mar-2021 05:08:59 UTC] PHP Warning:  Attempt to read property "ID" on null in C:\xampp\htdocs\4w4\wp-includes\class-wp-query.php on line 4044
[13-Mar-2021 05:08:59 UTC] PHP Warning:  Attempt to read property "post_title" on null in C:\xampp\htdocs\4w4\wp-includes\class-wp-query.php on line 4046
[13-Mar-2021 05:08:59 UTC] PHP Warning:  Attempt to read property "post_name" on null in C:\xampp\htdocs\4w4\wp-includes\class-wp-query.php on line 4048
[13-Mar-2021 05:09:39 UTC] PHP Warning:  Attempt to read property "ID" on null in C:\xampp\htdocs\4w4\wp-includes\class-wp-query.php on line 4044
[13-Mar-2021 05:09:39 UTC] PHP Warning:  Attempt to read property "post_title" on null in C:\xampp\htdocs\4w4\wp-includes\class-wp-query.php on line 4046
[13-Mar-2021 05:09:39 UTC] PHP Warning:  Attempt to read property "post_name" on null in C:\xampp\htdocs\4w4\wp-includes\class-wp-query.php on line 4048
[13-Mar-2021 05:11:33 UTC] PHP Warning:  Attempt to read property "ID" on null in C:\xampp\htdocs\4w4\wp-includes\class-wp-query.php on line 4044
[13-Mar-2021 05:11:33 UTC] PHP Warning:  Attempt to read property "post_title" on null in C:\xampp\htdocs\4w4\wp-includes\class-wp-query.php on line 4046
[13-Mar-2021 05:11:33 UTC] PHP Warning:  Attempt to read property "post_name" on null in C:\xampp\htdocs\4w4\wp-includes\class-wp-query.php on line 4048
[13-Mar-2021 05:11:45 UTC] PHP Warning:  Attempt to read property "ID" on null in C:\xampp\htdocs\4w4\wp-includes\class-wp-query.php on line 4044
[13-Mar-2021 05:11:45 UTC] PHP Warning:  Attempt to read property "post_title" on null in C:\xampp\htdocs\4w4\wp-includes\class-wp-query.php on line 4046
[13-Mar-2021 05:11:45 UTC] PHP Warning:  Attempt to read property "post_name" on null in C:\xampp\htdocs\4w4\wp-includes\class-wp-query.php on line 4048
[13-Mar-2021 05:12:03 UTC] PHP Warning:  Attempt to read property "ID" on null in C:\xampp\htdocs\4w4\wp-includes\class-wp-query.php on line 4044
[13-Mar-2021 05:12:03 UTC] PHP Warning:  Attempt to read property "post_title" on null in C:\xampp\htdocs\4w4\wp-includes\class-wp-query.php on line 4046
[13-Mar-2021 05:12:03 UTC] PHP Warning:  Attempt to read property "post_name" on null in C:\xampp\htdocs\4w4\wp-includes\class-wp-query.php on line 4048
[19-Mar-2021 14:54:54 UTC] PHP Warning:  Attempt to read property "ID" on null in C:\xampp\htdocs\4w4\wp-includes\class-wp-query.php on line 4044
[19-Mar-2021 14:54:54 UTC] PHP Warning:  Attempt to read property "post_title" on null in C:\xampp\htdocs\4w4\wp-includes\class-wp-query.php on line 4046
[19-Mar-2021 14:54:54 UTC] PHP Warning:  Attempt to read property "post_name" on null in C:\xampp\htdocs\4w4\wp-includes\class-wp-query.php on line 4048
[19-Mar-2021 14:54:55 UTC] PHP Warning:  Attempt to read property "ID" on null in C:\xampp\htdocs\4w4\wp-includes\class-wp-query.php on line 4044
[19-Mar-2021 14:54:55 UTC] PHP Warning:  Attempt to read property "post_title" on null in C:\xampp\htdocs\4w4\wp-includes\class-wp-query.php on line 4046
[19-Mar-2021 14:54:55 UTC] PHP Warning:  Attempt to read property "post_name" on null in C:\xampp\htdocs\4w4\wp-includes\class-wp-query.php on line 4048
[19-Mar-2021 14:55:18 UTC] PHP Warning:  Attempt to read property "ID" on null in C:\xampp\htdocs\4w4\wp-includes\class-wp-query.php on line 4044
[19-Mar-2021 14:55:18 UTC] PHP Warning:  Attempt to read property "post_title" on null in C:\xampp\htdocs\4w4\wp-includes\class-wp-query.php on line 4046
[19-Mar-2021 14:55:18 UTC] PHP Warning:  Attempt to read property "post_name" on null in C:\xampp\htdocs\4w4\wp-includes\class-wp-query.php on line 4048
[19-Mar-2021 15:20:22 UTC] PHP Deprecated:  Function libxml_disable_entity_loader() is deprecated in C:\xampp\htdocs\4w4\wp-content\plugins\wordpress-importer\parsers\class-wxr-parser-simplexml.php on line 21
[19-Mar-2021 15:20:22 UTC] PHP Deprecated:  Function libxml_disable_entity_loader() is deprecated in C:\xampp\htdocs\4w4\wp-content\plugins\wordpress-importer\parsers\class-wxr-parser-simplexml.php on line 25
[19-Mar-2021 15:20:37 UTC] PHP Deprecated:  Function libxml_disable_entity_loader() is deprecated in C:\xampp\htdocs\4w4\wp-content\plugins\wordpress-importer\parsers\class-wxr-parser-simplexml.php on line 21
[19-Mar-2021 15:20:37 UTC] PHP Deprecated:  Function libxml_disable_entity_loader() is deprecated in C:\xampp\htdocs\4w4\wp-content\plugins\wordpress-importer\parsers\class-wxr-parser-simplexml.php on line 25
[19-Mar-2021 16:04:56 UTC] PHP Deprecated:  Function libxml_disable_entity_loader() is deprecated in C:\xampp\htdocs\4w4\wp-content\plugins\wordpress-importer\parsers\class-wxr-parser-simplexml.php on line 21
[19-Mar-2021 16:04:56 UTC] PHP Deprecated:  Function libxml_disable_entity_loader() is deprecated in C:\xampp\htdocs\4w4\wp-content\plugins\wordpress-importer\parsers\class-wxr-parser-simplexml.php on line 25
[19-Mar-2021 16:05:36 UTC] PHP Deprecated:  Function libxml_disable_entity_loader() is deprecated in C:\xampp\htdocs\4w4\wp-content\plugins\wordpress-importer\parsers\class-wxr-parser-simplexml.php on line 21
[19-Mar-2021 16:05:36 UTC] PHP Deprecated:  Function libxml_disable_entity_loader() is deprecated in C:\xampp\htdocs\4w4\wp-content\plugins\wordpress-importer\parsers\class-wxr-parser-simplexml.php on line 25
[21-Mar-2021 01:01:35 UTC] PHP Parse error:  syntax error, unexpected token "=>", expecting ")" in C:\xampp\htdocs\4w4\wp-content\themes\theme-4w4\functions.php on line 212
[21-Mar-2021 01:01:35 UTC] PHP Warning:  Trying to access array offset on value of type bool in C:\xampp\htdocs\4w4\wp-includes\class-wp-recovery-mode-email-service.php on line 351
[21-Mar-2021 01:01:35 UTC] PHP Warning:  Trying to access array offset on value of type bool in C:\xampp\htdocs\4w4\wp-includes\class-wp-recovery-mode-email-service.php on line 352
[25-Mar-2021 16:52:11 UTC] PHP Fatal error:  Cannot use temporary expression in write context in C:\xampp\htdocs\4w4\wp-content\themes\theme-4w4\front-page.php on line 71
[25-Mar-2021 16:53:13 UTC] PHP Fatal error:  Uncaught Error: Undefined constant "tPropriete" in C:\xampp\htdocs\4w4\wp-content\themes\theme-4w4\front-page.php:28
Stack trace:
#0 C:\xampp\htdocs\4w4\wp-includes\template-loader.php(106): include()
#1 C:\xampp\htdocs\4w4\wp-blog-header.php(19): require_once('C:\\xampp\\htdocs...')
#2 C:\xampp\htdocs\4w4\index.php(17): require('C:\\xampp\\htdocs...')
#3 {main}
  thrown in C:\xampp\htdocs\4w4\wp-content\themes\theme-4w4\front-page.php on line 28
[25-Mar-2021 16:53:16 UTC] PHP Fatal error:  Uncaught Error: Undefined constant "tPropriete" in C:\xampp\htdocs\4w4\wp-content\themes\theme-4w4\front-page.php:28
Stack trace:
#0 C:\xampp\htdocs\4w4\wp-includes\template-loader.php(106): include()
#1 C:\xampp\htdocs\4w4\wp-blog-header.php(19): require_once('C:\\xampp\\htdocs...')
#2 C:\xampp\htdocs\4w4\index.php(17): require('C:\\xampp\\htdocs...')
#3 {main}
  thrown in C:\xampp\htdocs\4w4\wp-content\themes\theme-4w4\front-page.php on line 28
[25-Mar-2021 16:54:29 UTC] PHP Fatal error:  Uncaught Error: Undefined constant "tPropriete" in C:\xampp\htdocs\4w4\wp-content\themes\theme-4w4\front-page.php:28
Stack trace:
#0 C:\xampp\htdocs\4w4\wp-includes\template-loader.php(106): include()
#1 C:\xampp\htdocs\4w4\wp-blog-header.php(19): require_once('C:\\xampp\\htdocs...')
#2 C:\xampp\htdocs\4w4\index.php(17): require('C:\\xampp\\htdocs...')
#3 {main}
  thrown in C:\xampp\htdocs\4w4\wp-content\themes\theme-4w4\front-page.php on line 28
[25-Mar-2021 16:54:30 UTC] PHP Fatal error:  Uncaught Error: Undefined constant "tPropriete" in C:\xampp\htdocs\4w4\wp-content\themes\theme-4w4\front-page.php:28
Stack trace:
#0 C:\xampp\htdocs\4w4\wp-includes\template-loader.php(106): include()
#1 C:\xampp\htdocs\4w4\wp-blog-header.php(19): require_once('C:\\xampp\\htdocs...')
#2 C:\xampp\htdocs\4w4\index.php(17): require('C:\\xampp\\htdocs...')
#3 {main}
  thrown in C:\xampp\htdocs\4w4\wp-content\themes\theme-4w4\front-page.php on line 28
[25-Mar-2021 16:58:26 UTC] PHP Fatal error:  Uncaught Error: Undefined constant "tPropriete" in C:\xampp\htdocs\4w4\wp-content\themes\theme-4w4\front-page.php:28
Stack trace:
#0 C:\xampp\htdocs\4w4\wp-includes\template-loader.php(106): include()
#1 C:\xampp\htdocs\4w4\wp-blog-header.php(19): require_once('C:\\xampp\\htdocs...')
#2 C:\xampp\htdocs\4w4\index.php(17): require('C:\\xampp\\htdocs...')
#3 {main}
  thrown in C:\xampp\htdocs\4w4\wp-content\themes\theme-4w4\front-page.php on line 28
[25-Mar-2021 16:58:28 UTC] PHP Fatal error:  Uncaught Error: Undefined constant "tPropriete" in C:\xampp\htdocs\4w4\wp-content\themes\theme-4w4\front-page.php:28
Stack trace:
#0 C:\xampp\htdocs\4w4\wp-includes\template-loader.php(106): include()
#1 C:\xampp\htdocs\4w4\wp-blog-header.php(19): require_once('C:\\xampp\\htdocs...')
#2 C:\xampp\htdocs\4w4\index.php(17): require('C:\\xampp\\htdocs...')
#3 {main}
  thrown in C:\xampp\htdocs\4w4\wp-content\themes\theme-4w4\front-page.php on line 28
[25-Mar-2021 16:59:05 UTC] PHP Warning:  Undefined array key "precedent" in C:\xampp\htdocs\4w4\wp-content\themes\theme-4w4\front-page.php on line 30
[25-Mar-2021 16:59:05 UTC] PHP Warning:  Undefined array key "precedent" in C:\xampp\htdocs\4w4\wp-content\themes\theme-4w4\front-page.php on line 31
[25-Mar-2021 17:00:08 UTC] PHP Warning:  Undefined array key "precedent" in C:\xampp\htdocs\4w4\wp-content\themes\theme-4w4\front-page.php on line 30
[25-Mar-2021 17:00:08 UTC] PHP Warning:  Undefined array key "precedent" in C:\xampp\htdocs\4w4\wp-content\themes\theme-4w4\front-page.php on line 31
[25-Mar-2021 17:00:16 UTC] PHP Warning:  Undefined array key "precedent" in C:\xampp\htdocs\4w4\wp-content\themes\theme-4w4\front-page.php on line 30
[25-Mar-2021 17:00:16 UTC] PHP Warning:  Undefined array key "precedent" in C:\xampp\htdocs\4w4\wp-content\themes\theme-4w4\front-page.php on line 31
[25-Mar-2021 17:01:26 UTC] PHP Warning:  Undefined array key "precedent" in C:\xampp\htdocs\4w4\wp-content\themes\theme-4w4\front-page.php on line 30
[25-Mar-2021 17:01:26 UTC] PHP Warning:  Undefined array key "precedent" in C:\xampp\htdocs\4w4\wp-content\themes\theme-4w4\front-page.php on line 31
[25-Mar-2021 17:01:36 UTC] PHP Warning:  Undefined array key "precedent" in C:\xampp\htdocs\4w4\wp-content\themes\theme-4w4\front-page.php on line 30
[25-Mar-2021 17:01:36 UTC] PHP Warning:  Undefined array key "precedent" in C:\xampp\htdocs\4w4\wp-content\themes\theme-4w4\front-page.php on line 31
[25-Mar-2021 17:03:14 UTC] PHP Warning:  Undefined array key "precedent" in C:\xampp\htdocs\4w4\wp-content\themes\theme-4w4\front-page.php on line 30
[25-Mar-2021 17:03:14 UTC] PHP Warning:  Undefined array key "precedent" in C:\xampp\htdocs\4w4\wp-content\themes\theme-4w4\front-page.php on line 31
[25-Mar-2021 17:08:49 UTC] PHP Warning:  Undefined array key "precedent" in C:\xampp\htdocs\4w4\wp-content\themes\theme-4w4\front-page.php on line 30
[25-Mar-2021 17:08:49 UTC] PHP Warning:  Undefined array key "precedent" in C:\xampp\htdocs\4w4\wp-content\themes\theme-4w4\front-page.php on line 31
[25-Mar-2021 17:08:56 UTC] PHP Warning:  Undefined array key "precedent" in C:\xampp\htdocs\4w4\wp-content\themes\theme-4w4\front-page.php on line 30
[25-Mar-2021 17:08:56 UTC] PHP Warning:  Undefined array key "precedent" in C:\xampp\htdocs\4w4\wp-content\themes\theme-4w4\front-page.php on line 31
[25-Mar-2021 17:09:04 UTC] PHP Warning:  Undefined array key "precedent" in C:\xampp\htdocs\4w4\wp-content\themes\theme-4w4\front-page.php on line 30
[25-Mar-2021 17:09:04 UTC] PHP Warning:  Undefined array key "precedent" in C:\xampp\htdocs\4w4\wp-content\themes\theme-4w4\front-page.php on line 31
[25-Mar-2021 17:09:27 UTC] PHP Warning:  Undefined array key "precedent" in C:\xampp\htdocs\4w4\wp-content\themes\theme-4w4\front-page.php on line 30
[25-Mar-2021 17:09:27 UTC] PHP Warning:  Undefined array key "precedent" in C:\xampp\htdocs\4w4\wp-content\themes\theme-4w4\front-page.php on line 31
[25-Mar-2021 17:11:42 UTC] PHP Warning:  Undefined array key "precedent" in C:\xampp\htdocs\4w4\wp-content\themes\theme-4w4\front-page.php on line 30
[25-Mar-2021 17:11:42 UTC] PHP Warning:  Undefined array key "precedent" in C:\xampp\htdocs\4w4\wp-content\themes\theme-4w4\front-page.php on line 31
[25-Mar-2021 17:27:05 UTC] PHP Warning:  Undefined array key "precedent" in C:\xampp\htdocs\4w4\wp-content\themes\theme-4w4\front-page.php on line 38
[25-Mar-2021 17:27:05 UTC] PHP Warning:  Undefined array key "precedent" in C:\xampp\htdocs\4w4\wp-content\themes\theme-4w4\front-page.php on line 39
[25-Mar-2021 19:42:08 UTC] PHP Fatal error:  Uncaught Error: Call to undefined function get_the_thumbnail() in C:\xampp\htdocs\4w4\wp-content\themes\theme-4w4\template-parts\content-cours-article.php:22
Stack trace:
#0 C:\xampp\htdocs\4w4\wp-includes\template.php(732): require()
#1 C:\xampp\htdocs\4w4\wp-includes\template.php(676): load_template('C:\\xampp\\htdocs...', false, Array)
#2 C:\xampp\htdocs\4w4\wp-includes\general-template.php(204): locate_template(Array, true, false, Array)
#3 C:\xampp\htdocs\4w4\wp-content\themes\theme-4w4\front-page.php(73): get_template_part('template-parts/...', 'cours-article')
#4 C:\xampp\htdocs\4w4\wp-includes\template-loader.php(106): include('C:\\xampp\\htdocs...')
#5 C:\xampp\htdocs\4w4\wp-blog-header.php(19): require_once('C:\\xampp\\htdocs...')
#6 C:\xampp\htdocs\4w4\index.php(17): require('C:\\xampp\\htdocs...')
#7 {main}
  thrown in C:\xampp\htdocs\4w4\wp-content\themes\theme-4w4\template-parts\content-cours-article.php on line 22
[25-Mar-2021 19:42:36 UTC] PHP Fatal error:  Uncaught Error: Call to undefined function get_the_thumbnail() in C:\xampp\htdocs\4w4\wp-content\themes\theme-4w4\template-parts\content-cours-article.php:22
Stack trace:
#0 C:\xampp\htdocs\4w4\wp-includes\template.php(732): require()
#1 C:\xampp\htdocs\4w4\wp-includes\template.php(676): load_template('C:\\xampp\\htdocs...', false, Array)
#2 C:\xampp\htdocs\4w4\wp-includes\general-template.php(204): locate_template(Array, true, false, Array)
#3 C:\xampp\htdocs\4w4\wp-content\themes\theme-4w4\front-page.php(73): get_template_part('template-parts/...', 'cours-article')
#4 C:\xampp\htdocs\4w4\wp-includes\template-loader.php(106): include('C:\\xampp\\htdocs...')
#5 C:\xampp\htdocs\4w4\wp-blog-header.php(19): require_once('C:\\xampp\\htdocs...')
#6 C:\xampp\htdocs\4w4\index.php(17): require('C:\\xampp\\htdocs...')
#7 {main}
  thrown in C:\xampp\htdocs\4w4\wp-content\themes\theme-4w4\template-parts\content-cours-article.php on line 22
